<?xml version="1.0" encoding="UTF-8"?>
<!-- Generated by org.testng.reporters.JUnitXMLReporter -->
<testsuite ignored="2" hostname="XAV-502000135" failures="0" tests="7" name="Automobile" time="0.034" errors="0" timestamp="30 Jul 2019 19:47:35 GMT">
  <testcase classname="pckg1.Bus" name="homePage" time="0.003"/>
  <testcase classname="pckg1.Bus" name="logout" time="0.001"/>
  <testcase classname="pckg1.Car" name="login" time="0.001"/>
  <testcase classname="pckg1.Car" name="homePage" time="0.001"/>
  <testcase classname="pckg1.Car" name="logout" time="0.001"/>
  <testcase classname="pckg1.Bike" name="login" time="0.001"/>
  <testcase classname="pckg1.Bike" name="logout" time="0.001"/>
  <testcase classname="pckg1.Bus" name="login" time="0.0">
    <ignored/>
  </testcase> <!-- login -->
  <testcase classname="pckg1.Bike" name="homePage" time="0.0">
    <ignored/>
  </testcase> <!-- homePage -->
</testsuite> <!-- Automobile -->
