<?xml version="1.0" encoding="UTF-8"?>
<!-- Generated by org.testng.reporters.JUnitXMLReporter -->
<testsuite ignored="0" hostname="XAV-502000135" failures="0" tests="11" name="Test" time="0.04" errors="0" timestamp="09 Jul 2019 09:44:42 GMT">
  <testcase classname="testng_pckg.first" name="demo" time="0.008"/>
  <testcase classname="testng_pckg.first" name="demo2" time="0.001"/>
  <testcase classname="pckg1.Bus" name="homePage" time="0.001"/>
  <testcase classname="pckg1.Bus" name="login" time="0.001"/>
  <testcase classname="pckg1.Bus" name="logout" time="0.001"/>
  <testcase classname="pckg1.Car" name="homePage" time="0.001"/>
  <testcase classname="pckg1.Car" name="login" time="0.001"/>
  <testcase classname="pckg1.Car" name="logout" time="0.001"/>
  <testcase classname="pckg1.Bike" name="homePage" time="0.001"/>
  <testcase classname="pckg1.Bike" name="login" time="0.0"/>
  <testcase classname="pckg1.Bike" name="logout" time="0.001"/>
</testsuite> <!-- Test -->
